<?xml version="1.0" encoding="UTF-8"?>
<testsuite xmlns:xsi="http://www.w3.org/2001/XMLSchema-instance" xsi:noNamespaceSchemaLocation="https://maven.apache.org/surefire/maven-surefire-plugin/xsd/surefire-test-report.xsd" name="edu.cornell.cs6156.CodeCoverageTest" time="0.217" tests="3" errors="3" skipped="0" failures="0">
  <properties>
    <property name="sun.desktop" value="gnome"/>
    <property name="awt.toolkit" value="sun.awt.X11.XToolkit"/>
    <property name="file.encoding.pkg" value="sun.io"/>
    <property name="java.specification.version" value="1.8"/>
    <property name="sun.cpu.isalist" value=""/>
    <property name="sun.jnu.encoding" value="UTF-8"/>
    <property name="java.class.path" value="/home/valeria/Projects/dummy-repo-delete/target/test-classes:/home/valeria/Projects/dummy-repo-delete/target/classes:/home/valeria/.m2/repository/junit/junit/4.11/junit-4.11.jar:/home/valeria/.m2/repository/org/hamcrest/hamcrest-core/1.3/hamcrest-core-1.3.jar:"/>
    <property name="java.vm.vendor" value="Private Build"/>
    <property name="sun.arch.data.model" value="64"/>
    <property name="java.vendor.url" value="http://java.oracle.com/"/>
    <property name="user.timezone" value=""/>
    <property name="java.vm.specification.version" value="1.8"/>
    <property name="os.name" value="Linux"/>
    <property name="user.country" value="US"/>
    <property name="sun.java.launcher" value="SUN_STANDARD"/>
    <property name="sun.boot.library.path" value="/usr/lib/jvm/java-8-openjdk/jre/lib/amd64"/>
    <property name="sun.java.command" value="/home/valeria/Projects/dummy-repo-delete/target/surefire/surefirebooter9111606522370451820.jar /home/valeria/Projects/dummy-repo-delete/target/surefire 2023-03-23T11-03-58_124-jvmRun1 surefire7493313176000557420tmp surefire_08285703702506890036tmp"/>
    <property name="surefire.test.class.path" value="/home/valeria/Projects/dummy-repo-delete/target/test-classes:/home/valeria/Projects/dummy-repo-delete/target/classes:/home/valeria/.m2/repository/junit/junit/4.11/junit-4.11.jar:/home/valeria/.m2/repository/org/hamcrest/hamcrest-core/1.3/hamcrest-core-1.3.jar:"/>
    <property name="sun.cpu.endian" value="little"/>
    <property name="user.home" value="/home/valeria"/>
    <property name="user.language" value="en"/>
    <property name="java.specification.vendor" value="Oracle Corporation"/>
    <property name="java.home" value="/usr/lib/jvm/java-8-openjdk/jre"/>
    <property name="basedir" value="/home/valeria/Projects/dummy-repo-delete"/>
    <property name="file.separator" value="/"/>
    <property name="line.separator" value="&#10;"/>
    <property name="java.vm.specification.vendor" value="Oracle Corporation"/>
    <property name="java.specification.name" value="Java Platform API Specification"/>
    <property name="java.awt.graphicsenv" value="sun.awt.X11GraphicsEnvironment"/>
    <property name="surefire.real.class.path" value="/home/valeria/Projects/dummy-repo-delete/target/surefire/surefirebooter9111606522370451820.jar:/home/valeria/.m2/repository/javamop-agent/javamop-agent/1.0/javamop-agent-1.0.jar"/>
    <property name="sun.boot.class.path" value="/usr/lib/jvm/java-8-openjdk/jre/lib/resources.jar:/usr/lib/jvm/java-8-openjdk/jre/lib/rt.jar:/usr/lib/jvm/java-8-openjdk/jre/lib/sunrsasign.jar:/usr/lib/jvm/java-8-openjdk/jre/lib/jsse.jar:/usr/lib/jvm/java-8-openjdk/jre/lib/jce.jar:/usr/lib/jvm/java-8-openjdk/jre/lib/charsets.jar:/usr/lib/jvm/java-8-openjdk/jre/lib/jfr.jar:/usr/lib/jvm/java-8-openjdk/jre/classes"/>
    <property name="sun.management.compiler" value="HotSpot 64-Bit Tiered Compilers"/>
    <property name="java.runtime.version" value="1.8.0_342-8u342-b07-0ubuntu1~22.04-b07"/>
    <property name="user.name" value="valeria"/>
    <property name="path.separator" value=":"/>
    <property name="os.version" value="5.19.0-35-generic"/>
    <property name="java.endorsed.dirs" value="/usr/lib/jvm/java-8-openjdk/jre/lib/endorsed"/>
    <property name="java.runtime.name" value="OpenJDK Runtime Environment"/>
    <property name="file.encoding" value="UTF-8"/>
    <property name="java.vm.name" value="OpenJDK 64-Bit Server VM"/>
    <property name="localRepository" value="/home/valeria/.m2/repository"/>
    <property name="java.vendor.url.bug" value="http://bugreport.sun.com/bugreport/"/>
    <property name="java.io.tmpdir" value="/tmp"/>
    <property name="java.version" value="1.8.0_342"/>
    <property name="user.dir" value="/home/valeria/Projects/dummy-repo-delete"/>
    <property name="os.arch" value="amd64"/>
    <property name="java.vm.specification.name" value="Java Virtual Machine Specification"/>
    <property name="java.awt.printerjob" value="sun.print.PSPrinterJob"/>
    <property name="sun.os.patch.level" value="unknown"/>
    <property name="java.library.path" value="/usr/java/packages/lib/amd64:/usr/lib/x86_64-linux-gnu/jni:/lib/x86_64-linux-gnu:/usr/lib/x86_64-linux-gnu:/usr/lib/jni:/lib:/usr/lib"/>
    <property name="java.vm.info" value="mixed mode"/>
    <property name="java.vendor" value="Private Build"/>
    <property name="java.vm.version" value="25.342-b07"/>
    <property name="java.ext.dirs" value="/usr/lib/jvm/java-8-openjdk/jre/lib/ext:/usr/java/packages/lib/ext"/>
    <property name="sun.io.unicode.encoding" value="UnicodeLittle"/>
    <property name="java.class.version" value="52.0"/>
  </properties>
  <testcase name="violation" classname="edu.cornell.cs6156.CodeCoverageTest" time="0.085">
    <error type="java.lang.ExceptionInInitializerError">java.lang.ExceptionInInitializerError
	at edu.cornell.cs6156.CodeCoverageTest.setup(CodeCoverageTest.java:19)
Caused by: java.lang.NullPointerException
	at edu.cornell.cs6156.CodeCoverageTest.setup(CodeCoverageTest.java:19)
</error>
    <system-err><![CDATA[[AbstractH2TraceDB] Set dbFilePath to: /home/valeria/Projects/test-traces/.traces/tracedb
java.sql.SQLException: No suitable driver found for jdbc:h2:/home/valeria/Projects/test-traces/.traces/tracedb;DB_CLOSE_DELAY=-1;DB_CLOSE_ON_EXIT=FALSE;DEFRAG_ALWAYS=TRUE;LOB_TIMEOUT=30000000;CACHE_SIZE=2048000
	at java.sql.DriverManager.getConnection(DriverManager.java:689)
	at java.sql.DriverManager.getConnection(DriverManager.java:247)
	at com.runtimeverification.rvmonitor.java.rt.util.AbstractH2TraceDB.getConnection(AbstractH2TraceDB.java:81)
	at com.runtimeverification.rvmonitor.java.rt.util.AbstractH2TraceDB.<init>(AbstractH2TraceDB.java:37)
	at com.runtimeverification.rvmonitor.java.rt.util.TraceDBH2Normalized.<init>(TraceDBH2Normalized.java:32)
	at com.runtimeverification.rvmonitor.java.rt.observable.MonitorTraceCollector.getTraceDB(MonitorTraceCollector.java:113)
	at com.runtimeverification.rvmonitor.java.rt.observable.MonitorTraceCollector.<init>(MonitorTraceCollector.java:46)
	at com.runtimeverification.rvmonitor.java.rt.observable.AllMonitorTraceCollector.<init>(AllMonitorTraceCollector.java:25)
	at com.runtimeverification.rvmonitor.java.rt.observable.UniqueMonitorTraceCollector.<init>(UniqueMonitorTraceCollector.java:21)
	at mop.MultiSpec_1RuntimeMonitor.<clinit>(MultiSpec_1RuntimeMonitor.java:768)
	at mop.ByteArrayOutputStream_FlushBeforeRetrieveMonitorAspect.ajc$afterReturning$mop_ByteArrayOutputStream_FlushBeforeRetrieveMonitorAspect$6$d5dfaa31(ByteArrayOutputStream_FlushBeforeRetrieveMonitorAspect.aj:48)
	at edu.cornell.cs6156.CodeCoverage.<init>(CodeCoverage.java:14)
	at edu.cornell.cs6156.CodeCoverageTest.setup(CodeCoverageTest.java:19)
	at sun.reflect.NativeMethodAccessorImpl.invoke0(Native Method)
	at sun.reflect.NativeMethodAccessorImpl.invoke(NativeMethodAccessorImpl.java:62)
	at sun.reflect.DelegatingMethodAccessorImpl.invoke(DelegatingMethodAccessorImpl.java:43)
	at java.lang.reflect.Method.invoke(Method.java:498)
	at org.junit.runners.model.FrameworkMethod$1.runReflectiveCall(FrameworkMethod.java:47)
	at org.junit.internal.runners.model.ReflectiveCallable.run(ReflectiveCallable.java:12)
	at org.junit.runners.model.FrameworkMethod.invokeExplosively(FrameworkMethod.java:44)
	at org.junit.internal.runners.statements.RunBefores.evaluate(RunBefores.java:24)
	at org.junit.runners.ParentRunner.runLeaf(ParentRunner.java:271)
	at org.junit.runners.BlockJUnit4ClassRunner.runChild(BlockJUnit4ClassRunner.java:70)
	at org.junit.runners.BlockJUnit4ClassRunner.runChild(BlockJUnit4ClassRunner.java:50)
	at org.junit.runners.ParentRunner$3.run(ParentRunner.java:238)
	at org.junit.runners.ParentRunner$1.schedule(ParentRunner.java:63)
	at org.junit.runners.ParentRunner.runChildren(ParentRunner.java:236)
	at org.junit.runners.ParentRunner.access$000(ParentRunner.java:53)
	at org.junit.runners.ParentRunner$2.evaluate(ParentRunner.java:229)
	at org.junit.runners.ParentRunner.run(ParentRunner.java:309)
	at org.apache.maven.surefire.junit4.JUnit4Provider.execute(JUnit4Provider.java:365)
	at org.apache.maven.surefire.junit4.JUnit4Provider.executeWithRerun(JUnit4Provider.java:273)
	at org.apache.maven.surefire.junit4.JUnit4Provider.executeTestSet(JUnit4Provider.java:238)
	at org.apache.maven.surefire.junit4.JUnit4Provider.invoke(JUnit4Provider.java:159)
	at org.apache.maven.surefire.booter.ForkedBooter.invokeProviderInSameClassLoader(ForkedBooter.java:384)
	at org.apache.maven.surefire.booter.ForkedBooter.runSuitesInProcess(ForkedBooter.java:345)
	at org.apache.maven.surefire.booter.ForkedBooter.execute(ForkedBooter.java:126)
	at org.apache.maven.surefire.booter.ForkedBooter.main(ForkedBooter.java:418)
SQLState: 08001
Error Code: 0
Message: No suitable driver found for jdbc:h2:/home/valeria/Projects/test-traces/.traces/tracedb;DB_CLOSE_DELAY=-1;DB_CLOSE_ON_EXIT=FALSE;DEFRAG_ALWAYS=TRUE;LOB_TIMEOUT=30000000;CACHE_SIZE=2048000
java.sql.SQLException: No suitable driver found for jdbc:h2:/home/valeria/Projects/test-traces/.traces/tracedb;DB_CLOSE_DELAY=-1;DB_CLOSE_ON_EXIT=FALSE;DEFRAG_ALWAYS=TRUE;LOB_TIMEOUT=30000000;CACHE_SIZE=2048000
	at java.sql.DriverManager.getConnection(DriverManager.java:689)
	at java.sql.DriverManager.getConnection(DriverManager.java:247)
	at com.runtimeverification.rvmonitor.java.rt.util.AbstractH2TraceDB.getConnection(AbstractH2TraceDB.java:81)
	at com.runtimeverification.rvmonitor.java.rt.util.TraceDBH2Normalized.createTable(TraceDBH2Normalized.java:171)
	at com.runtimeverification.rvmonitor.java.rt.observable.MonitorTraceCollector.<init>(MonitorTraceCollector.java:48)
	at com.runtimeverification.rvmonitor.java.rt.observable.AllMonitorTraceCollector.<init>(AllMonitorTraceCollector.java:25)
	at com.runtimeverification.rvmonitor.java.rt.observable.UniqueMonitorTraceCollector.<init>(UniqueMonitorTraceCollector.java:21)
	at mop.MultiSpec_1RuntimeMonitor.<clinit>(MultiSpec_1RuntimeMonitor.java:768)
	at mop.ByteArrayOutputStream_FlushBeforeRetrieveMonitorAspect.ajc$afterReturning$mop_ByteArrayOutputStream_FlushBeforeRetrieveMonitorAspect$6$d5dfaa31(ByteArrayOutputStream_FlushBeforeRetrieveMonitorAspect.aj:48)
	at edu.cornell.cs6156.CodeCoverage.<init>(CodeCoverage.java:14)
	at edu.cornell.cs6156.CodeCoverageTest.setup(CodeCoverageTest.java:19)
	at sun.reflect.NativeMethodAccessorImpl.invoke0(Native Method)
	at sun.reflect.NativeMethodAccessorImpl.invoke(NativeMethodAccessorImpl.java:62)
	at sun.reflect.DelegatingMethodAccessorImpl.invoke(DelegatingMethodAccessorImpl.java:43)
	at java.lang.reflect.Method.invoke(Method.java:498)
	at org.junit.runners.model.FrameworkMethod$1.runReflectiveCall(FrameworkMethod.java:47)
	at org.junit.internal.runners.model.ReflectiveCallable.run(ReflectiveCallable.java:12)
	at org.junit.runners.model.FrameworkMethod.invokeExplosively(FrameworkMethod.java:44)
	at org.junit.internal.runners.statements.RunBefores.evaluate(RunBefores.java:24)
	at org.junit.runners.ParentRunner.runLeaf(ParentRunner.java:271)
	at org.junit.runners.BlockJUnit4ClassRunner.runChild(BlockJUnit4ClassRunner.java:70)
	at org.junit.runners.BlockJUnit4ClassRunner.runChild(BlockJUnit4ClassRunner.java:50)
	at org.junit.runners.ParentRunner$3.run(ParentRunner.java:238)
	at org.junit.runners.ParentRunner$1.schedule(ParentRunner.java:63)
	at org.junit.runners.ParentRunner.runChildren(ParentRunner.java:236)
	at org.junit.runners.ParentRunner.access$000(ParentRunner.java:53)
	at org.junit.runners.ParentRunner$2.evaluate(ParentRunner.java:229)
	at org.junit.runners.ParentRunner.run(ParentRunner.java:309)
	at org.apache.maven.surefire.junit4.JUnit4Provider.execute(JUnit4Provider.java:365)
	at org.apache.maven.surefire.junit4.JUnit4Provider.executeWithRerun(JUnit4Provider.java:273)
	at org.apache.maven.surefire.junit4.JUnit4Provider.executeTestSet(JUnit4Provider.java:238)
	at org.apache.maven.surefire.junit4.JUnit4Provider.invoke(JUnit4Provider.java:159)
	at org.apache.maven.surefire.booter.ForkedBooter.invokeProviderInSameClassLoader(ForkedBooter.java:384)
	at org.apache.maven.surefire.booter.ForkedBooter.runSuitesInProcess(ForkedBooter.java:345)
	at org.apache.maven.surefire.booter.ForkedBooter.execute(ForkedBooter.java:126)
	at org.apache.maven.surefire.booter.ForkedBooter.main(ForkedBooter.java:418)
SQLState: 08001
Error Code: 0
Message: No suitable driver found for jdbc:h2:/home/valeria/Projects/test-traces/.traces/tracedb;DB_CLOSE_DELAY=-1;DB_CLOSE_ON_EXIT=FALSE;DEFRAG_ALWAYS=TRUE;LOB_TIMEOUT=30000000;CACHE_SIZE=2048000
]]></system-err>
  </testcase>
  <testcase name="lineCoverage" classname="edu.cornell.cs6156.CodeCoverageTest" time="0.001">
    <error message="Could not initialize class mop.MultiSpec_1RuntimeMonitor" type="java.lang.NoClassDefFoundError">java.lang.NoClassDefFoundError: Could not initialize class mop.MultiSpec_1RuntimeMonitor
	at edu.cornell.cs6156.CodeCoverageTest.setup(CodeCoverageTest.java:19)
</error>
  </testcase>
  <testcase name="moreLineCoverage" classname="edu.cornell.cs6156.CodeCoverageTest" time="0.001">
    <error message="Could not initialize class mop.MultiSpec_1RuntimeMonitor" type="java.lang.NoClassDefFoundError">java.lang.NoClassDefFoundError: Could not initialize class mop.MultiSpec_1RuntimeMonitor
	at edu.cornell.cs6156.CodeCoverageTest.setup(CodeCoverageTest.java:19)
</error>
  </testcase>
</testsuite>